<?xml version="1.0" encoding="UTF-8"?>
<!-- Generated by org.testng.reporters.JUnitXMLReporter -->
<testsuite hostname="ATMECSINDT-006" ignored="0" name="HomePage" tests="1" failures="1" timestamp="2019-11-08T20:29:08 IST" time="24.409" errors="0">
  <testcase name="home" time="19.626" classname="com.atmecs.tutorialninja.testscripts.HomePage">
    <failure type="java.lang.AssertionError" message="expected [3852.4] but found [$3,852.40]">
      <![CDATA[java.lang.AssertionError: expected [3852.4] but found [$3,852.40]
at com.atmecs.tutorialsninja.validation.HomePageValidation.updatedtotalValidation(HomePageValidation.java:113)
at com.atmecs.tutorialninja.testscripts.HomePage.home(HomePage.java:76)
at java.util.ArrayList.forEach(Unknown Source)
at java.util.concurrent.FutureTask.run(Unknown Source)
at java.util.concurrent.ThreadPoolExecutor.runWorker(Unknown Source)
at java.util.concurrent.ThreadPoolExecutor$Worker.run(Unknown Source)
at java.lang.Thread.run(Unknown Source)
... Removed 23 stack frames]]>
    </failure>
  </testcase> <!-- home -->
</testsuite> <!-- HomePage -->
